<?xml version="1.0" encoding="UTF-8"?>
<!-- Generated by org.testng.reporters.JUnitReportReporter -->
<testsuite hostname="AGS-CHP-107" failures="0" tests="1" name="com.TestCases.VerifyAgentLogin" time="21.003" errors="0" timestamp="2020-11-12T18:41:40 IST" skipped="0">
  <testcase classname="com.TestCases.VerifyAgentLogin" name="verifyLogin" time="21.003"/>
  <system-out/>
</testsuite> <!-- com.TestCases.VerifyAgentLogin -->
