<?xml version="1.0" encoding="UTF-8"?>
<!-- Generated by org.testng.reporters.JUnitReportReporter -->
<testsuite hostname="AGS-CHP-107" failures="0" tests="1" name="com.TestCases.VerifyAgentCreateQuote" time="401.987" errors="0" timestamp="2020-12-07T21:47:24 IST" skipped="0">
  <testcase classname="com.TestCases.VerifyAgentCreateQuote" name="VerifyCreateQuote" time="401.987"/>
  <system-out/>
</testsuite> <!-- com.TestCases.VerifyAgentCreateQuote -->
