<?xml version="1.0" encoding="UTF-8"?>
<!-- Generated by org.testng.reporters.JUnitReportReporter -->
<testsuite skipped="0" hostname="AGS-CHP-107" name="com.TestCases.VerifyAgentLogin" tests="1" failures="0" timestamp="2020-07-15T16:37:58 IST" time="19.826" errors="0">
  <testcase name="verifyLogin" time="19.826" classname="com.TestCases.VerifyAgentLogin"/>
  <system-out/>
</testsuite> <!-- com.TestCases.VerifyAgentLogin -->
